TN:
SF:/Users/franck/workspace/lab/react-sandbox/assets/js/react/App.js
FN:7,(anonymous_0)
FN:18,(anonymous_1)
FN:22,(anonymous_2)
FN:26,(anonymous_3)
FN:32,(anonymous_4)
FN:38,(anonymous_5)
FN:46,(anonymous_6)
FN:51,(anonymous_7)
FN:52,(anonymous_8)
FNF:9
FNH:5
FNDA:7,(anonymous_0)
FNDA:1,(anonymous_1)
FNDA:7,(anonymous_2)
FNDA:8,(anonymous_3)
FNDA:0,(anonymous_4)
FNDA:0,(anonymous_5)
FNDA:8,(anonymous_6)
FNDA:0,(anonymous_7)
FNDA:0,(anonymous_8)
DA:8,7
DA:9,7
DA:15,7
DA:19,1
DA:23,7
DA:27,8
DA:33,0
DA:39,0
DA:40,0
DA:47,8
DA:51,0
DA:52,0
DA:58,1
LF:13
LH:8
BRDA:39,0,0,0
BRDA:39,0,1,0
BRF:2
BRH:0
end_of_record
TN:
SF:/Users/franck/workspace/lab/react-sandbox/assets/js/react/Button.js
FN:4,(anonymous_0)
FN:13,(anonymous_1)
FN:17,(anonymous_2)
FN:23,(anonymous_3)
FN:29,(anonymous_4)
FN:32,(anonymous_5)
FNF:6
FNH:6
FNDA:11,(anonymous_0)
FNDA:11,(anonymous_1)
FNDA:1,(anonymous_2)
FNDA:1,(anonymous_3)
FNDA:15,(anonymous_4)
FNDA:1,(anonymous_5)
DA:5,11
DA:6,11
DA:10,11
DA:18,1
DA:24,1
DA:30,15
DA:32,1
LF:7
LH:7
BRF:0
BRH:0
end_of_record
TN:
SF:/Users/franck/workspace/lab/react-sandbox/assets/js/react/Tick.js
FN:3,(anonymous_0)
FNF:1
FNH:1
FNDA:4,(anonymous_0)
DA:3,1
DA:4,4
LF:2
LH:2
BRF:0
BRH:0
end_of_record
